ZXingLibDemo/build/outputs/logs/manifest-merger-debug-report.txt
-- Merging decision tree log ---
manifest
ADDED from ZXingLibDemo\AndroidManifest.xml:2:1-43:12
	xmlns:tools
		ADDED from ZXingLibDemo\AndroidManifest.xml:3:2-48
	xmlns:android
		ADDED from ZXingLibDemo\AndroidManifest.xml:2:11-69
	package
		ADDED from ZXingLibDemo\AndroidManifest.xml:4:2-49
	android:versionName
		ADDED from ZXingLibDemo\AndroidManifest.xml:6:2-27
		INJECTED from ZXingLibDemo\AndroidManifest.xml
		INJECTED from ZXingLibDemo\AndroidManifest.xml
	android:versionCode
		ADDED from ZXingLibDemo\AndroidManifest.xml:5:2-25
		INJECTED from ZXingLibDemo\AndroidManifest.xml
		INJECTED from ZXingLibDemo\AndroidManifest.xml
uses-sdk
ADDED from ZXingLibDemo\AndroidManifest.xml:7:2-9:6
MERGED from [qrcode-master:ZXingLib:unspecified] AndroidManifest.xml:7:5-9:41
MERGED from [com.android.support:cardview-v7:21.0.0] AndroidManifest.xml:15:5-42
MERGED from [com.android.support:recyclerview-v7:23.1.1] AndroidManifest.xml:20:5-43
MERGED from [com.android.support:support-v4:23.1.1] AndroidManifest.xml:20:5-43
MERGED from [com.android.support:palette-v7:21.0.0] AndroidManifest.xml:15:5-42
MERGED from [com.android.support:support-v4:23.1.1] AndroidManifest.xml:20:5-43
MERGED from [com.android.support:cardview-v7:21.0.0] AndroidManifest.xml:15:5-42
MERGED from [com.android.support:recyclerview-v7:23.1.1] AndroidManifest.xml:20:5-43
MERGED from [com.android.support:support-v4:23.1.1] AndroidManifest.xml:20:5-43
MERGED from [com.android.support:palette-v7:21.0.0] AndroidManifest.xml:15:5-42
MERGED from [com.android.support:support-v4:23.1.1] AndroidManifest.xml:20:5-43
MERGED from [com.android.support:appcompat-v7:23.1.1] AndroidManifest.xml:20:5-43
MERGED from [com.android.support:support-v4:23.1.1] AndroidManifest.xml:20:5-43
MERGED from [com.android.support:design:23.1.1] AndroidManifest.xml:20:5-43
MERGED from [com.android.support:appcompat-v7:23.1.1] AndroidManifest.xml:20:5-43
MERGED from [com.android.support:support-v4:23.1.1] AndroidManifest.xml:20:5-43
MERGED from [com.android.support:recyclerview-v7:23.1.1] AndroidManifest.xml:20:5-43
MERGED from [com.android.support:support-v4:23.1.1] AndroidManifest.xml:20:5-43
MERGED from [com.android.support:support-v4:23.1.1] AndroidManifest.xml:20:5-43
	android:targetSdkVersion
		ADDED from ZXingLibDemo\AndroidManifest.xml:8:3-32
		INJECTED from ZXingLibDemo\AndroidManifest.xml
		INJECTED from ZXingLibDemo\AndroidManifest.xml
	android:minSdkVersion
		ADDED from ZXingLibDemo\AndroidManifest.xml:7:12-38
		INJECTED from ZXingLibDemo\AndroidManifest.xml
		INJECTED from ZXingLibDemo\AndroidManifest.xml
supports-screens
ADDED from ZXingLibDemo\AndroidManifest.xml:10:2-12:31
MERGED from [qrcode-master:ZXingLib:unspecified] AndroidManifest.xml:11:5-15:39
	android:largeScreens
		ADDED from ZXingLibDemo\AndroidManifest.xml:10:20-47
	android:anyDensity
		ADDED from ZXingLibDemo\AndroidManifest.xml:12:3-28
	android:normalScreens
		ADDED from ZXingLibDemo\AndroidManifest.xml:11:3-31
	android:smallScreens
		ADDED from ZXingLibDemo\AndroidManifest.xml:11:32-59
uses-feature#android.hardware.camera
ADDED from ZXingLibDemo\AndroidManifest.xml:13:2-57
MERGED from [qrcode-master:ZXingLib:unspecified] AndroidManifest.xml:17:5-60
	android:name
		ADDED from ZXingLibDemo\AndroidManifest.xml:13:16-54
application
ADDED from ZXingLibDemo\AndroidManifest.xml:15:2-35:16
MERGED from [qrcode-master:ZXingLib:unspecified] AndroidManifest.xml:27:5-36:19
MERGED from [com.android.support:cardview-v7:21.0.0] AndroidManifest.xml:16:5-19
MERGED from [com.android.support:support-v4:23.1.1] AndroidManifest.xml:22:5-20
MERGED from [com.android.support:palette-v7:21.0.0] AndroidManifest.xml:16:5-17:19
MERGED from [com.android.support:support-v4:23.1.1] AndroidManifest.xml:22:5-20
MERGED from [com.android.support:cardview-v7:21.0.0] AndroidManifest.xml:16:5-19
MERGED from [com.android.support:support-v4:23.1.1] AndroidManifest.xml:22:5-20
MERGED from [com.android.support:palette-v7:21.0.0] AndroidManifest.xml:16:5-17:19
MERGED from [com.android.support:support-v4:23.1.1] AndroidManifest.xml:22:5-20
MERGED from [com.android.support:appcompat-v7:23.1.1] AndroidManifest.xml:22:5-20
MERGED from [com.android.support:support-v4:23.1.1] AndroidManifest.xml:22:5-20
MERGED from [com.android.support:design:23.1.1] AndroidManifest.xml:22:5-20
MERGED from [com.android.support:appcompat-v7:23.1.1] AndroidManifest.xml:22:5-20
MERGED from [com.android.support:support-v4:23.1.1] AndroidManifest.xml:22:5-20
MERGED from [com.android.support:support-v4:23.1.1] AndroidManifest.xml:22:5-20
MERGED from [com.android.support:support-v4:23.1.1] AndroidManifest.xml:22:5-20
	android:supportsRtl
		ADDED from ZXingLibDemo\AndroidManifest.xml:18:3-29
	android:label
		ADDED from ZXingLibDemo\AndroidManifest.xml:15:45-77
		REJECTED from [qrcode-master:ZXingLib:unspecified] AndroidManifest.xml:29:9-50
	android:allowBackup
		ADDED from ZXingLibDemo\AndroidManifest.xml:16:3-29
	android:icon
		ADDED from ZXingLibDemo\AndroidManifest.xml:15:15-44
		REJECTED from [qrcode-master:ZXingLib:unspecified] AndroidManifest.xml:28:9-47
	android:theme
		ADDED from ZXingLibDemo\AndroidManifest.xml:17:3-34
	tools:replace
		ADDED from ZXingLibDemo\AndroidManifest.xml:19:3-59
activity#jim.h.common.android.lib.zxing.sample.ZXingLibSampleActivity
ADDED from ZXingLibDemo\AndroidManifest.xml:20:3-29:14
	android:label
		ADDED from ZXingLibDemo\AndroidManifest.xml:22:4-36
	android:configChanges
		ADDED from ZXingLibDemo\AndroidManifest.xml:23:4-54
	android:theme
		ADDED from ZXingLibDemo\AndroidManifest.xml:21:4-47
	tools:replace
		ADDED from ZXingLibDemo\AndroidManifest.xml:24:4-47
	android:name
		ADDED from ZXingLibDemo\AndroidManifest.xml:20:13-51
intent-filter#android.intent.action.MAIN+android.intent.category.LAUNCHER
ADDED from ZXingLibDemo\AndroidManifest.xml:25:4-28:20
action#android.intent.action.MAIN
ADDED from ZXingLibDemo\AndroidManifest.xml:26:5-57
	android:name
		ADDED from ZXingLibDemo\AndroidManifest.xml:26:13-54
category#android.intent.category.LAUNCHER
ADDED from ZXingLibDemo\AndroidManifest.xml:27:5-65
	android:name
		ADDED from ZXingLibDemo\AndroidManifest.xml:27:15-62
activity#jim.h.common.android.lib.zxing.CaptureActivity
ADDED from ZXingLibDemo\AndroidManifest.xml:31:3-34:54
MERGED from [qrcode-master:ZXingLib:unspecified] AndroidManifest.xml:30:9-35:63
	android:windowSoftInputMode
		ADDED from ZXingLibDemo\AndroidManifest.xml:34:4-51
	android:screenOrientation
		ADDED from ZXingLibDemo\AndroidManifest.xml:32:4-41
	android:configChanges
		ADDED from ZXingLibDemo\AndroidManifest.xml:32:42-92
	android:theme
		ADDED from ZXingLibDemo\AndroidManifest.xml:33:4-62
	android:name
		ADDED from ZXingLibDemo\AndroidManifest.xml:31:13-74
uses-permission#android.permission.CAMERA
ADDED from ZXingLibDemo\AndroidManifest.xml:37:2-62
MERGED from [qrcode-master:ZXingLib:unspecified] AndroidManifest.xml:19:5-65
	android:name
		ADDED from ZXingLibDemo\AndroidManifest.xml:37:19-59
uses-permission#android.permission.WRITE_EXTERNAL_STORAGE
ADDED from ZXingLibDemo\AndroidManifest.xml:38:2-78
MERGED from [qrcode-master:ZXingLib:unspecified] AndroidManifest.xml:20:5-81
	android:name
		ADDED from ZXingLibDemo\AndroidManifest.xml:38:19-75
uses-feature#android.hardware.camera.autofocus
ADDED from ZXingLibDemo\AndroidManifest.xml:40:2-67
MERGED from [qrcode-master:ZXingLib:unspecified] AndroidManifest.xml:22:5-70
	android:name
		ADDED from ZXingLibDemo\AndroidManifest.xml:40:16-64
uses-permission#android.permission.VIBRATE
ADDED from ZXingLibDemo\AndroidManifest.xml:41:2-63
MERGED from [qrcode-master:ZXingLib:unspecified] AndroidManifest.xml:24:5-66
	android:name
		ADDED from ZXingLibDemo\AndroidManifest.xml:41:19-60
uses-permission#android.permission.FLASHLIGHT
ADDED from ZXingLibDemo\AndroidManifest.xml:42:2-66
MERGED from [qrcode-master:ZXingLib:unspecified] AndroidManifest.xml:25:5-69
	android:name
		ADDED from ZXingLibDemo\AndroidManifest.xml:42:19-63